<?xml version="1.0" encoding="UTF-8"?>
<testsuite xmlns:xsi="http://www.w3.org/2001/XMLSchema-instance" xsi:noNamespaceSchemaLocation="https://maven.apache.org/surefire/maven-surefire-plugin/xsd/surefire-test-report-3.0.xsd" version="3.0" name="com.example.board.DemoApplicationTests" time="11.855" tests="1" errors="0" skipped="0" failures="0">
  <properties>
[...]
</properties>
  <testcase name="contextLoads" classname="com.example.board.DemoApplicationTests" time="0.574">
    <system-out><![CDATA[14:38:24.341 [main] INFO org.springframework.test.context.support.AnnotationConfigContextLoaderUtils -- Could not detect default configuration classes for test class [com.example.board.DemoApplicationTests]: DemoApplicationTests does not declare any static, non-private, non-final, nested classes annotated with @Configuration.
14:38:24.554 [main] INFO org.springframework.boot.test.context.SpringBootTestContextBootstrapper -- Found @SpringBootConfiguration com.example.board.DemoApplication for test class com.example.board.DemoApplicationTests
14:38:24.743 [main] INFO org.springframework.test.context.support.AnnotationConfigContextLoaderUtils -- Could not detect default configuration classes for test class [com.example.board.DemoApplicationTests]: DemoApplicationTests does not declare any static, non-private, non-final, nested classes annotated with @Configuration.
14:38:24.745 [main] INFO org.springframework.boot.test.context.SpringBootTestContextBootstrapper -- Found @SpringBootConfiguration com.example.board.DemoApplication for test class com.example.board.DemoApplicationTests
14:38:24.882 [main] INFO org.springframework.boot.devtools.restart.RestartApplicationListener -- Restart disabled due to context in which it is running

  .   ____          _            __ _ _
 /\\ / ___'_ __ _ _(_)_ __  __ _ \ \ \ \
( ( )\___ | '_ | '_| | '_ \/ _` | \ \ \ \
 \\/  ___)| |_)| | | | | || (_| |  ) ) ) )
  '  |____| .__|_| |_|_| |_\__, | / / / /
 =========|_|==============|___/=/_/_/_/

 :: Spring Boot ::       (v4.0.8-SNAPSHOT)

2026-09-03T14:38:25.412+09:00  INFO 306488 --- [demo] [           main] com.example.board.DemoApplicationTests   : Starting DemoApplicationTests using Java 21.0.10 with PID 306488 (started by bigch in C:\JunProject\my-board-project)
2026-09-03T14:38:25.415+09:00  INFO 306488 --- [demo] [           main] com.example.board.DemoApplicationTests   : No active profile set, falling back to 1 default profile: "default"
2026-09-03T14:38:26.857+09:00  INFO 306488 --- [demo] [           main] .s.d.r.c.RepositoryConfigurationDelegate : Bootstrapping Spring Data JPA repositories in DEFAULT mode.
2026-09-03T14:38:26.958+09:00  INFO 306488 --- [demo] [           main] .s.d.r.c.RepositoryConfigurationDelegate : Finished Spring Data repository scanning in 82 ms. Found 2 JPA repository interfaces.
2026-09-03T14:38:27.847+09:00  INFO 306488 --- [demo] [           main] com.zaxxer.hikari.HikariDataSource       : HikariPool-1 - Starting...
2026-09-03T14:38:28.090+09:00  INFO 306488 --- [demo] [           main] com.zaxxer.hikari.pool.HikariPool        : HikariPool-1 - Added connection org.mariadb.jdbc.Connection@6c96403e
2026-09-03T14:38:28.093+09:00  INFO 306488 --- [demo] [           main] com.zaxxer.hikari.HikariDataSource       : HikariPool-1 - Start completed.
2026-09-03T14:38:28.161+09:00  INFO 306488 --- [demo] [           main] org.hibernate.orm.jpa                    : HHH008540: Processing PersistenceUnitInfo [name: default]
2026-09-03T14:38:28.336+09:00  INFO 306488 --- [demo] [           main] org.hibernate.orm.core                   : HHH000001: Hibernate ORM core version 7.2.24.Final
2026-09-03T14:38:29.785+09:00  INFO 306488 --- [demo] [           main] o.s.o.j.p.SpringPersistenceUnitInfo      : No LoadTimeWeaver setup: ignoring JPA class transformer
2026-09-03T14:38:30.011+09:00  INFO 306488 --- [demo] [           main] org.hibernate.orm.connections.pooling    : HHH10001005: Database info:
	Database JDBC URL [jdbc:mariadb://localhost/reactdb?user=totoro&password=totoro]
	Database driver: MariaDB Connector/J
	Database dialect: MariaDBDialect
	Database version: 11.3.2
	Default catalog/schema: reactdb/undefined
	Autocommit mode: undefined/unknown
	Isolation level: REPEATABLE_READ [default REPEATABLE_READ]
	JDBC fetch size: none
	Pool: DataSourceConnectionProvider
	Minimum pool size: undefined/unknown
	Maximum pool size: undefined/unknown
2026-09-03T14:38:32.264+09:00  INFO 306488 --- [demo] [           main] org.hibernate.orm.core                   : HHH000489: No JTA platform available (set 'hibernate.transaction.jta.platform' to enable JTA platform integration)
2026-09-03T14:38:32.280+09:00  INFO 306488 --- [demo] [           main] j.LocalContainerEntityManagerFactoryBean : Initialized JPA EntityManagerFactory for persistence unit 'default'
2026-09-03T14:38:32.324+09:00  INFO 306488 --- [demo] [           main] c.e.board.config.jwt.JwtTokenProvider    : JWT AccessToken 만료 시간 설정: 3600000 ms
2026-09-03T14:38:32.443+09:00  INFO 306488 --- [demo] [           main] o.s.d.j.r.query.QueryEnhancerFactories   : Hibernate is in classpath; If applicable, HQL parser will be used.
2026-09-03T14:38:33.976+09:00  WARN 306488 --- [demo] [           main] JpaBaseConfiguration$JpaWebConfiguration : spring.jpa.open-in-view is enabled by default. Therefore, database queries may be performed during view rendering. Explicitly configure spring.jpa.open-in-view to disable this warning
2026-09-03T14:38:35.169+09:00  INFO 306488 --- [demo] [           main] com.example.board.DemoApplicationTests   : Started DemoApplicationTests in 10.308 seconds (process running for 18.371)
]]></system-out>
  </testcase>
</testsuite>