<?xml version="1.0" encoding="UTF-8"?>
<testsuite xmlns:xsi="http://www.w3.org/2001/XMLSchema-instance" xsi:noNamespaceSchemaLocation="https://maven.apache.org/surefire/maven-surefire-plugin/xsd/surefire-test-report.xsd" version="3.0.2" name="com.example.board.DemoApplicationTests" time="9.2" tests="1" errors="0" skipped="0" failures="0" flakes="0">
  <properties>
[...]
</properties>
  <testcase name="contextLoads" classname="com.example.board.DemoApplicationTests" time="5.157">
    <system-out><![CDATA[17:53:23.711 [main] INFO org.springframework.test.context.support.AnnotationConfigContextLoaderUtils -- Could not detect default configuration classes for test class [com.example.board.DemoApplicationTests]: DemoApplicationTests does not declare any static, non-private, non-final, nested classes annotated with @Configuration.
17:53:23.921 [main] INFO org.springframework.boot.test.context.SpringBootTestContextBootstrapper -- Found @SpringBootConfiguration com.example.board.DemoApplication for test class com.example.board.DemoApplicationTests
17:53:24.099 [main] INFO org.springframework.test.context.support.AnnotationConfigContextLoaderUtils -- Could not detect default configuration classes for test class [com.example.board.DemoApplicationTests]: DemoApplicationTests does not declare any static, non-private, non-final, nested classes annotated with @Configuration.
17:53:24.101 [main] INFO org.springframework.boot.test.context.SpringBootTestContextBootstrapper -- Found @SpringBootConfiguration com.example.board.DemoApplication for test class com.example.board.DemoApplicationTests
17:53:24.277 [main] INFO org.springframework.boot.devtools.restart.RestartApplicationListener -- Restart disabled due to context in which it is running

  .   ____          _            __ _ _
 /\\ / ___'_ __ _ _(_)_ __  __ _ \ \ \ \
( ( )\___ | '_ | '_| | '_ \/ _` | \ \ \ \
 \\/  ___)| |_)| | | | | || (_| |  ) ) ) )
  '  |____| .__|_| |_|_| |_\__, | / / / /
 =========|_|==============|___/=/_/_/_/

 :: Spring Boot ::       (v4.0.8-SNAPSHOT)

2026-07-21T17:53:24.793+09:00  INFO 122524 --- [demo] [           main] com.example.board.DemoApplicationTests   : Starting DemoApplicationTests using Java 17.0.12 with PID 122524 (started by bigch in C:\JunProject\my-board-project)
2026-07-21T17:53:24.796+09:00  INFO 122524 --- [demo] [           main] com.example.board.DemoApplicationTests   : No active profile set, falling back to 1 default profile: "default"
2026-07-21T17:53:25.810+09:00 DEBUG 122524 --- [demo] [           main] o.m.s.b.a.MybatisAutoConfiguration       : Searching for mappers annotated with @Mapper
2026-07-21T17:53:25.811+09:00 DEBUG 122524 --- [demo] [           main] o.m.s.b.a.MybatisAutoConfiguration       : Using auto-configuration base package 'com.example.board'
2026-07-21T17:53:26.040+09:00  WARN 122524 --- [demo] [           main] o.m.s.mapper.ClassPathMapperScanner      : No MyBatis mapper was found in '[com.example.board]' package. Please check your configuration.
2026-07-21T17:53:26.394+09:00  INFO 122524 --- [demo] [           main] o.s.b.w.a.WelcomePageHandlerMapping      : Adding welcome page: class path resource [static/index.html]
2026-07-21T17:53:26.896+09:00 DEBUG 122524 --- [demo] [           main] o.m.s.b.a.MybatisAutoConfiguration       : Not found configuration for registering mapper bean using @MapperScan, MapperFactoryBean and MapperScannerConfigurer.
2026-07-21T17:53:27.046+09:00 DEBUG 122524 --- [demo] [           main] o.mybatis.spring.SqlSessionFactoryBean   : Property 'mapperLocations' was not specified.
2026-07-21T17:53:27.338+09:00  INFO 122524 --- [demo] [           main] com.example.board.DemoApplicationTests   : Started DemoApplicationTests in 3.088 seconds (process running for 4.989)
]]></system-out>
  </testcase>
</testsuite>